Using pre-set license
Built from '2020.3/staging' branch; Version is '2020.3.16f1 (049d6eca3c44) revision 302446'; Using compiler version '192528614'; Build Type 'Release'
OS: 'Windows 10 Home; OS build 19042.1288; Version 2009; 64bit' Language: 'zh' Physical Memory: 15789 MB
BatchMode: 1, IsHumanControllingUs: 0, StartBugReporterOnCrash: 0, Is64bit: 1, IsPro: 0

 COMMAND LINE ARGUMENTS:
C:\Program Files\Unity\Hub\Editor\2020.3.16f1\Editor\Unity.exe
-adb2
-batchMode
-noUpm
-name
AssetImportWorker0
-projectPath
C:/Users/willy/Documents/GitHub/unity_lesson_AR_foundation/unity_lesson_AR_foundation_samples
-logFile
Logs/AssetImportWorker0.log
-srvPort
3280
Successfully changed project path to: C:/Users/willy/Documents/GitHub/unity_lesson_AR_foundation/unity_lesson_AR_foundation_samples
C:/Users/willy/Documents/GitHub/unity_lesson_AR_foundation/unity_lesson_AR_foundation_samples
Using Asset Import Pipeline V2.
Refreshing native plugins compatible for Editor in 37.46 ms, found 0 plugins.
Preloading 0 native plugins for Editor in 0.00 ms.
Initialize engine version: 2020.3.16f1 (049d6eca3c44)
[Subsystems] Discovering subsystems at path C:/Program Files/Unity/Hub/Editor/2020.3.16f1/Editor/Data/Resources/UnitySubsystems
[Subsystems] Discovering subsystems at path C:/Users/willy/Documents/GitHub/unity_lesson_AR_foundation/unity_lesson_AR_foundation_samples/Assets
GfxDevice: creating device client; threaded=0
Direct3D:
    Version:  Direct3D 11.0 [level 11.1]
    Renderer: NVIDIA GeForce RTX 2060 (ID=0x1f15)
    Vendor:   
    VRAM:     5980 MB
    Driver:   30.0.14.7196
Initialize mono
Mono path[0] = 'C:/Program Files/Unity/Hub/Editor/2020.3.16f1/Editor/Data/Managed'
Mono path[1] = 'C:/Program Files/Unity/Hub/Editor/2020.3.16f1/Editor/Data/MonoBleedingEdge/lib/mono/unityjit'
Mono config path = 'C:/Program Files/Unity/Hub/Editor/2020.3.16f1/Editor/Data/MonoBleedingEdge/etc'
Using monoOptions --debugger-agent=transport=dt_socket,embedding=1,server=y,suspend=n,address=127.0.0.1:56452
Begin MonoManager ReloadAssembly
Registering precompiled unity dll's ...
Register platform support module: C:/Program Files/Unity/Hub/Editor/2020.3.16f1/Editor/Data/PlaybackEngines/WebGLSupport/UnityEditor.WebGL.Extensions.dll
Register platform support module: C:/Program Files/Unity/Hub/Editor/2020.3.16f1/Editor/Data/PlaybackEngines/WindowsStandaloneSupport/UnityEditor.WindowsStandalone.Extensions.dll
Registered in 0.005819 seconds.
Native extension for WindowsStandalone target not found
Native extension for WebGL target not found
Refreshing native plugins compatible for Editor in 30.62 ms, found 0 plugins.
Preloading 0 native plugins for Editor in 0.00 ms.
Mono: successfully reloaded assembly
- Completed reload, in  2.620 seconds
Domain Reload Profiling:
	ReloadAssembly (2620ms)
		BeginReloadAssembly (73ms)
			ExecutionOrderSort (0ms)
			DisableScriptedObjects (0ms)
			BackupInstance (0ms)
			ReleaseScriptingObjects (0ms)
			CreateAndSetChildDomain (1ms)
		EndReloadAssembly (386ms)
			LoadAssemblies (69ms)
			RebuildTransferFunctionScriptingTraits (0ms)
			SetupTypeCache (142ms)
			ReleaseScriptCaches (0ms)
			RebuildScriptCaches (24ms)
			SetupLoadedEditorAssemblies (142ms)
				LogAssemblyErrors (0ms)
				InitializePlatformSupportModulesInManaged (5ms)
				SetLoadedEditorAssemblies (0ms)
				RefreshPlugins (31ms)
				BeforeProcessingInitializeOnLoad (15ms)
				ProcessInitializeOnLoadAttributes (67ms)
				ProcessInitializeOnLoadMethodAttributes (23ms)
				AfterProcessingInitializeOnLoad (0ms)
				EditorAssembliesLoaded (0ms)
			ExecutionOrderSort2 (0ms)
			AwakeInstancesAfterBackupRestoration (0ms)
Platform modules already initialized, skipping
Registering precompiled user dll's ...
Registered in 0.001647 seconds.
Begin MonoManager ReloadAssembly
Native extension for WindowsStandalone target not found
Native extension for WebGL target not found
Refreshing native plugins compatible for Editor in 29.90 ms, found 0 plugins.
Preloading 0 native plugins for Editor in 0.00 ms.
Mono: successfully reloaded assembly
- Completed reload, in  0.981 seconds
Domain Reload Profiling:
	ReloadAssembly (982ms)
		BeginReloadAssembly (159ms)
			ExecutionOrderSort (0ms)
			DisableScriptedObjects (3ms)
			BackupInstance (0ms)
			ReleaseScriptingObjects (0ms)
			CreateAndSetChildDomain (20ms)
		EndReloadAssembly (742ms)
			LoadAssemblies (108ms)
			RebuildTransferFunctionScriptingTraits (0ms)
			SetupTypeCache (192ms)
			ReleaseScriptCaches (0ms)
			RebuildScriptCaches (45ms)
			SetupLoadedEditorAssemblies (292ms)
				LogAssemblyErrors (0ms)
				InitializePlatformSupportModulesInManaged (5ms)
				SetLoadedEditorAssemblies (0ms)
				RefreshPlugins (30ms)
				BeforeProcessingInitializeOnLoad (106ms)
				ProcessInitializeOnLoadAttributes (131ms)
				ProcessInitializeOnLoadMethodAttributes (4ms)
				AfterProcessingInitializeOnLoad (16ms)
				EditorAssembliesLoaded (0ms)
			ExecutionOrderSort2 (0ms)
			AwakeInstancesAfterBackupRestoration (5ms)
Platform modules already initialized, skipping
========================================================================
Worker process is ready to serve import requests
Launched and connected shader compiler UnityShaderCompiler.exe after 0.06 seconds
Refreshing native plugins compatible for Editor in 0.50 ms, found 0 plugins.
Preloading 0 native plugins for Editor in 0.00 ms.
Unloading 1555 Unused Serialized files (Serialized files now loaded: 0)
System memory in use before: 73.9 MB.
System memory in use after: 74.0 MB.

Unloading 22 unused Assets to reduce memory usage. Loaded Objects now: 1991.
Total: 2.904700 ms (FindLiveObjects: 0.216900 ms CreateObjectMapping: 0.038500 ms MarkObjects: 2.546200 ms  DeleteObjects: 0.100800 ms)

AssetImportParameters requested are different than current active one (requested -> active):
  custom:framework-win-MediaFoundation: 216162199b28c13a410421893ffa2e32 -> 
  custom:video-decoder-ogg-theora: a1e56fd34408186e4bbccfd4996cb3dc -> 
  custom:container-muxer-webm: aa71ff27fc2769a1b78a27578f13a17b -> 
  custom:container-demuxer-webm: 4f35f7cbe854078d1ac9338744f61a02 -> 
  custom:container-demuxer-ogg: 62fdf1f143b41e24485cea50d1cbac27 -> 
  custom:video-encoder-webm-vp8: eb34c28f22e8b96e1ab97ce403110664 -> 
  custom:video-decoder-webm-vp8: 9c59270c3fd7afecdb556c50c9e8de78 -> 
  custom:audio-decoder-ogg-vorbis: bf7c407c2cedff20999df2af8eb42d56 -> 
  custom:audio-encoder-webm-vorbis: bf7c407c2cedff20999df2af8eb42d56 -> 
========================================================================
Received Import Request.
  path: Assets/Prefabs/robot/ControlledRobot.prefab
  artifactKey: Guid(d93d5415c51fa49aba66e61ec7b78b34) Importer(815301076,1909f56bfc062723c751e8b465ee728b)
Start importing Assets/Prefabs/robot/ControlledRobot.prefab using Guid(d93d5415c51fa49aba66e61ec7b78b34) Importer(815301076,1909f56bfc062723c751e8b465ee728b)  -> (artifact id: 'c560a7df56e1c9e4ae1ee92257fd4e69') in 0.794352 seconds 
  Import took 0.798243 seconds .

========================================================================
Received Import Request.
  Time since last request: 0.000218 seconds.
  path: Assets/Materials
  artifactKey: Guid(d3fceddebb6a1db4ca80bb2be0e0b139) Importer(815301076,1909f56bfc062723c751e8b465ee728b)
Start importing Assets/Materials using Guid(d3fceddebb6a1db4ca80bb2be0e0b139) Importer(815301076,1909f56bfc062723c751e8b465ee728b)  -> (artifact id: '58b3071ec629e3134b842970444931b4') in 0.007411 seconds 
  Import took 0.009687 seconds .

========================================================================
Received Import Request.
  Time since last request: 0.000287 seconds.
  path: Assets/Prefabs/robot/biped_robot_ace_1001_m.png
  artifactKey: Guid(61710e9a6b16e432cb25347bb8453b27) Importer(815301076,1909f56bfc062723c751e8b465ee728b)
Start importing Assets/Prefabs/robot/biped_robot_ace_1001_m.png using Guid(61710e9a6b16e432cb25347bb8453b27) Importer(815301076,1909f56bfc062723c751e8b465ee728b)  -> (artifact id: '0d25c13be2d28bfb29ac10b2dbbbb22d') in 0.072971 seconds 
  Import took 0.075319 seconds .

========================================================================
Received Import Request.
  Time since last request: 0.000248 seconds.
  path: Assets/Prefabs/robot/biped_robot_ace_1001_r.png
  artifactKey: Guid(c040e7f82b2e249248716cd5eaf039cc) Importer(815301076,1909f56bfc062723c751e8b465ee728b)
Start importing Assets/Prefabs/robot/biped_robot_ace_1001_r.png using Guid(c040e7f82b2e249248716cd5eaf039cc) Importer(815301076,1909f56bfc062723c751e8b465ee728b)  -> (artifact id: '232c5c9049f3f357b904c0ae9122f9b9') in 0.015503 seconds 
  Import took 0.017820 seconds .

========================================================================
Received Import Request.
  Time since last request: 0.000236 seconds.
  path: Assets/Prefabs/robot/biped_robot_ace_1003_r.png
  artifactKey: Guid(e1b7d3e9f2f664e8098a23bcc5c2f5a1) Importer(815301076,1909f56bfc062723c751e8b465ee728b)
Start importing Assets/Prefabs/robot/biped_robot_ace_1003_r.png using Guid(e1b7d3e9f2f664e8098a23bcc5c2f5a1) Importer(815301076,1909f56bfc062723c751e8b465ee728b)  -> (artifact id: '6be946bdad182e0f38ba64b692b23503') in 0.017479 seconds 
  Import took 0.020004 seconds .

========================================================================
Received Import Request.
  Time since last request: 0.000173 seconds.
  path: Assets/Prefabs/robot/biped_robot_ace_1003_m.metalicRough.png
  artifactKey: Guid(0de5cd8c3f1f74e2b98289fa93c66c4c) Importer(815301076,1909f56bfc062723c751e8b465ee728b)
Start importing Assets/Prefabs/robot/biped_robot_ace_1003_m.metalicRough.png using Guid(0de5cd8c3f1f74e2b98289fa93c66c4c) Importer(815301076,1909f56bfc062723c751e8b465ee728b)  -> (artifact id: 'e4d6020b0b541de846316c68ee15bbda') in 0.016418 seconds 
  Import took 0.018906 seconds .

========================================================================
Received Import Request.
  Time since last request: 0.000162 seconds.
  path: Assets/Prefabs/robot/biped_robot_ace_1003_n.png
  artifactKey: Guid(d05c16e3d426d40c2adb9375c8ca6a12) Importer(815301076,1909f56bfc062723c751e8b465ee728b)
Start importing Assets/Prefabs/robot/biped_robot_ace_1003_n.png using Guid(d05c16e3d426d40c2adb9375c8ca6a12) Importer(815301076,1909f56bfc062723c751e8b465ee728b)  -> (artifact id: '463ba0e17fbd5bed5ac136b499c2eabe') in 0.016914 seconds 
  Import took 0.019317 seconds .

========================================================================
Received Import Request.
  Time since last request: 0.000275 seconds.
  path: Assets/Prefabs/robot/biped_robot_ace_1001_bc.png
  artifactKey: Guid(11105031643464a7fbacc252c36d4993) Importer(815301076,1909f56bfc062723c751e8b465ee728b)
Start importing Assets/Prefabs/robot/biped_robot_ace_1001_bc.png using Guid(11105031643464a7fbacc252c36d4993) Importer(815301076,1909f56bfc062723c751e8b465ee728b)  -> (artifact id: '238e6b48ea18bfa6a07ac8b7d93edd82') in 0.019863 seconds 
  Import took 0.022522 seconds .

========================================================================
Received Import Request.
  Time since last request: 0.000221 seconds.
  path: Assets/Prefabs/robot/biped_robot_ace_1003_bc.png
  artifactKey: Guid(3a5e9f4cab52a447390376a8fec98989) Importer(815301076,1909f56bfc062723c751e8b465ee728b)
Start importing Assets/Prefabs/robot/biped_robot_ace_1003_bc.png using Guid(3a5e9f4cab52a447390376a8fec98989) Importer(815301076,1909f56bfc062723c751e8b465ee728b)  -> (artifact id: '08b58c3951b9bd343534837dcc56b285') in 0.014774 seconds 
  Import took 0.017523 seconds .

========================================================================
Received Import Request.
  Time since last request: 0.000232 seconds.
  path: Assets/Prefabs/robot/biped_robot_ace_1002_m.metalicRough.png
  artifactKey: Guid(82af1fbcd32954d1f9eae4553f58ebc4) Importer(815301076,1909f56bfc062723c751e8b465ee728b)
Start importing Assets/Prefabs/robot/biped_robot_ace_1002_m.metalicRough.png using Guid(82af1fbcd32954d1f9eae4553f58ebc4) Importer(815301076,1909f56bfc062723c751e8b465ee728b)  -> (artifact id: '5cb79ff13dc9e69bfe61bec9bf15781a') in 0.015573 seconds 
  Import took 0.018128 seconds .

========================================================================
Received Import Request.
  Time since last request: 0.000176 seconds.
  path: Assets/Prefabs/robot/biped_robot_ace_1002_bc.png
  artifactKey: Guid(17f16e2d29e6a45078b187e012f52d50) Importer(815301076,1909f56bfc062723c751e8b465ee728b)
Start importing Assets/Prefabs/robot/biped_robot_ace_1002_bc.png using Guid(17f16e2d29e6a45078b187e012f52d50) Importer(815301076,1909f56bfc062723c751e8b465ee728b)  -> (artifact id: '8d17c03c7c1ca95a72a604becf1aa912') in 0.014970 seconds 
  Import took 0.017902 seconds .

========================================================================
Received Import Request.
  Time since last request: 0.000190 seconds.
  path: Assets/Prefabs/robot/biped_robot_ace_1002_m.png
  artifactKey: Guid(a9499c002460c452db0f53b015d0603b) Importer(815301076,1909f56bfc062723c751e8b465ee728b)
Start importing Assets/Prefabs/robot/biped_robot_ace_1002_m.png using Guid(a9499c002460c452db0f53b015d0603b) Importer(815301076,1909f56bfc062723c751e8b465ee728b)  -> (artifact id: '3081ba2c29c682bdc8ae8c620ee1ef85') in 0.014761 seconds 
  Import took 0.017389 seconds .

========================================================================
Received Import Request.
  Time since last request: 0.000204 seconds.
  path: Assets/Prefabs/robot/biped_robot_ace_1001_n.png
  artifactKey: Guid(1d285287bfb564ff3a963271f88e37a6) Importer(815301076,1909f56bfc062723c751e8b465ee728b)
Start importing Assets/Prefabs/robot/biped_robot_ace_1001_n.png using Guid(1d285287bfb564ff3a963271f88e37a6) Importer(815301076,1909f56bfc062723c751e8b465ee728b)  -> (artifact id: '0e263c2648a9606bf19c25480b514ba3') in 0.020850 seconds 
  Import took 0.023529 seconds .

========================================================================
Received Import Request.
  Time since last request: 0.000309 seconds.
  path: Assets/Prefabs/robot/biped_robot_ace_1003_m.png
  artifactKey: Guid(ae6842f0959154e04972ccbe29c92d54) Importer(815301076,1909f56bfc062723c751e8b465ee728b)
Start importing Assets/Prefabs/robot/biped_robot_ace_1003_m.png using Guid(ae6842f0959154e04972ccbe29c92d54) Importer(815301076,1909f56bfc062723c751e8b465ee728b)  -> (artifact id: 'ea5ebe6254725e1ab2b1c096fa186f51') in 0.018395 seconds 
  Import took 0.021267 seconds .

========================================================================
Received Import Request.
  Time since last request: 0.000212 seconds.
  path: Assets/Prefabs/robot/biped_robot_ace_1002_r.png
  artifactKey: Guid(607fefe4fef0a4e7fa000f3ca6754edb) Importer(815301076,1909f56bfc062723c751e8b465ee728b)
Start importing Assets/Prefabs/robot/biped_robot_ace_1002_r.png using Guid(607fefe4fef0a4e7fa000f3ca6754edb) Importer(815301076,1909f56bfc062723c751e8b465ee728b)  -> (artifact id: '2fbdcd02c8a50797c245e0da0ef6a774') in 0.015740 seconds 
  Import took 0.018643 seconds .

========================================================================
Received Import Request.
  Time since last request: 0.000426 seconds.
  path: Assets/Prefabs/robot/biped_robot_ace_1001_m.metalicRough.png
  artifactKey: Guid(a5a47ea42ebeb4627b6eade898dc33cc) Importer(815301076,1909f56bfc062723c751e8b465ee728b)
Start importing Assets/Prefabs/robot/biped_robot_ace_1001_m.metalicRough.png using Guid(a5a47ea42ebeb4627b6eade898dc33cc) Importer(815301076,1909f56bfc062723c751e8b465ee728b)  -> (artifact id: '706b82ed390e91a65271309c831a2c86') in 0.022464 seconds 
  Import took 0.025232 seconds .

========================================================================
Received Import Request.
  Time since last request: 0.000240 seconds.
  path: Assets/Meshes
  artifactKey: Guid(7ae3334d5291f440ca4d8c1f4a3e7d21) Importer(815301076,1909f56bfc062723c751e8b465ee728b)
Start importing Assets/Meshes using Guid(7ae3334d5291f440ca4d8c1f4a3e7d21) Importer(815301076,1909f56bfc062723c751e8b465ee728b)  -> (artifact id: '3a49a80e0ad01b736635bf9e0a16cf25') in 0.007783 seconds 
  Import took 0.010412 seconds .

========================================================================
Received Import Request.
  Time since last request: 0.000184 seconds.
  path: Assets/Prefabs
  artifactKey: Guid(4b65ad133137edf4ab7f9b8ef7b9a46d) Importer(815301076,1909f56bfc062723c751e8b465ee728b)
Start importing Assets/Prefabs using Guid(4b65ad133137edf4ab7f9b8ef7b9a46d) Importer(815301076,1909f56bfc062723c751e8b465ee728b)  -> (artifact id: 'b9488609ac245827831695098f341779') in 0.008216 seconds 
  Import took 0.011174 seconds .

========================================================================
Received Import Request.
  Time since last request: 0.000208 seconds.
  path: Assets/Scenes
  artifactKey: Guid(4f704ae4b4f98ae41a0bce26658850c1) Importer(815301076,1909f56bfc062723c751e8b465ee728b)
Start importing Assets/Scenes using Guid(4f704ae4b4f98ae41a0bce26658850c1) Importer(815301076,1909f56bfc062723c751e8b465ee728b)  -> (artifact id: '1aca82992b6beeddaa6663b47a6390a7') in 0.010449 seconds 
  Import took 0.013054 seconds .

========================================================================
Received Import Request.
  Time since last request: 0.000210 seconds.
  path: Assets/Scripts
  artifactKey: Guid(5e37507c2b1afdc449ef525581e03978) Importer(815301076,1909f56bfc062723c751e8b465ee728b)
Start importing Assets/Scripts using Guid(5e37507c2b1afdc449ef525581e03978) Importer(815301076,1909f56bfc062723c751e8b465ee728b)  -> (artifact id: 'b72c67d55c7dd922868710d112e4dbf0') in 0.009262 seconds 
  Import took 0.011919 seconds .

========================================================================
Received Import Request.
  Time since last request: 0.000193 seconds.
  path: Assets/Prefabs/robot/biped_robot_ace_1003_ao.png
  artifactKey: Guid(1463c32a832954a5f88735337d734e3a) Importer(815301076,1909f56bfc062723c751e8b465ee728b)
Start importing Assets/Prefabs/robot/biped_robot_ace_1003_ao.png using Guid(1463c32a832954a5f88735337d734e3a) Importer(815301076,1909f56bfc062723c751e8b465ee728b)  -> (artifact id: '28c1e2db80daf14a84079d94a3a76e36') in 0.015139 seconds 
  Import took 0.017642 seconds .

========================================================================
Received Import Request.
  Time since last request: 0.000214 seconds.
  path: Assets/Prefabs/robot/biped_robot_ace_1002_ao.png
  artifactKey: Guid(dc52bc377ea9448c7a837221b46faea6) Importer(815301076,1909f56bfc062723c751e8b465ee728b)
Start importing Assets/Prefabs/robot/biped_robot_ace_1002_ao.png using Guid(dc52bc377ea9448c7a837221b46faea6) Importer(815301076,1909f56bfc062723c751e8b465ee728b)  -> (artifact id: 'e969902d7c2b7e067a4267ea49300874') in 0.018354 seconds 
  Import took 0.021302 seconds .

========================================================================
Received Import Request.
  Time since last request: 0.000224 seconds.
  path: Assets/Prefabs/robot/biped_robot_ace_1001_ao.png
  artifactKey: Guid(7fcb38a0e4502490384b23d50460bcce) Importer(815301076,1909f56bfc062723c751e8b465ee728b)
Start importing Assets/Prefabs/robot/biped_robot_ace_1001_ao.png using Guid(7fcb38a0e4502490384b23d50460bcce) Importer(815301076,1909f56bfc062723c751e8b465ee728b)  -> (artifact id: '689a5a0c0b2858a1ececfb879d38cbb5') in 0.016306 seconds 
  Import took 0.018912 seconds .

========================================================================
Received Import Request.
  Time since last request: 0.000295 seconds.
  path: Assets/Prefabs/robot/biped_robot_ace_1002_n.png
  artifactKey: Guid(4d5a4037f642f41d58e8cb96feeef05c) Importer(815301076,1909f56bfc062723c751e8b465ee728b)
Start importing Assets/Prefabs/robot/biped_robot_ace_1002_n.png using Guid(4d5a4037f642f41d58e8cb96feeef05c) Importer(815301076,1909f56bfc062723c751e8b465ee728b)  -> (artifact id: '172a0044dce1afa11232a1c40ff1e0a2') in 0.019747 seconds 
  Import took 0.022783 seconds .

========================================================================
Received Import Request.
  Time since last request: 0.003685 seconds.
  path: Assets/Prefabs/robot/biped_robot_ace_1002_n.png
  artifactKey: Guid(4d5a4037f642f41d58e8cb96feeef05c) Importer(815301076,1909f56bfc062723c751e8b465ee728b)
Start importing Assets/Prefabs/robot/biped_robot_ace_1002_n.png using Guid(4d5a4037f642f41d58e8cb96feeef05c) Importer(815301076,1909f56bfc062723c751e8b465ee728b)  -> (artifact id: '172a0044dce1afa11232a1c40ff1e0a2') in 0.012782 seconds 
  Import took 0.015552 seconds .

========================================================================
Received Import Request.
  Time since last request: 2.399473 seconds.
  path: Assets/Prefabs/AR Eye Laser Visualizer.prefab
  artifactKey: Guid(2d19c8a450c61438da3cc9a9d6468c2f) Importer(815301076,1909f56bfc062723c751e8b465ee728b)
Start importing Assets/Prefabs/AR Eye Laser Visualizer.prefab using Guid(2d19c8a450c61438da3cc9a9d6468c2f) Importer(815301076,1909f56bfc062723c751e8b465ee728b)  -> (artifact id: '1c8a2c6935d95cf92b7546d07417555e') in 0.012087 seconds 
  Import took 0.014833 seconds .

========================================================================
Received Import Request.
  Time since last request: 0.000251 seconds.
  path: Assets/Prefabs/LightDirectionArrow.prefab
  artifactKey: Guid(c8395de59a6d145749f00299c3bbcb76) Importer(815301076,1909f56bfc062723c751e8b465ee728b)
Start importing Assets/Prefabs/LightDirectionArrow.prefab using Guid(c8395de59a6d145749f00299c3bbcb76) Importer(815301076,1909f56bfc062723c751e8b465ee728b)  -> (artifact id: '88dcc5059e2977101158ab64bd056967') in 0.021876 seconds 
  Import took 0.024488 seconds .

========================================================================
Received Import Request.
  Time since last request: 0.000204 seconds.
  path: Assets/Prefabs/FixationRayPrefab.prefab
  artifactKey: Guid(8339cb70cc6014347bd14cfea9e60601) Importer(815301076,1909f56bfc062723c751e8b465ee728b)
Start importing Assets/Prefabs/FixationRayPrefab.prefab using Guid(8339cb70cc6014347bd14cfea9e60601) Importer(815301076,1909f56bfc062723c751e8b465ee728b)  -> (artifact id: '7836da751fdae979925860fbfd9c5bc1') in 0.018173 seconds 
  Import took 0.020988 seconds .

========================================================================
Received Import Request.
  Time since last request: 0.000266 seconds.
  path: Assets/Prefabs/JointLineRenderer.prefab
  artifactKey: Guid(a52b49b9ddc724c198fda9937a7fced0) Importer(815301076,1909f56bfc062723c751e8b465ee728b)
Start importing Assets/Prefabs/JointLineRenderer.prefab using Guid(a52b49b9ddc724c198fda9937a7fced0) Importer(815301076,1909f56bfc062723c751e8b465ee728b)  -> (artifact id: '919b2e779086720aba1b904748fbcee2') in 0.019131 seconds 
  Import took 0.021843 seconds .

========================================================================
Received Import Request.
  Time since last request: 0.000196 seconds.
  path: Assets/Prefabs/AR Fixation Point Visualizer.prefab
  artifactKey: Guid(2e22b50ffeab1490fa3a0694f0e31317) Importer(815301076,1909f56bfc062723c751e8b465ee728b)
Start importing Assets/Prefabs/AR Fixation Point Visualizer.prefab using Guid(2e22b50ffeab1490fa3a0694f0e31317) Importer(815301076,1909f56bfc062723c751e8b465ee728b)  -> (artifact id: '88ba7f4874772991b2a3784912c5185a') in 0.019807 seconds 
  Import took 0.022421 seconds .

========================================================================
Received Import Request.
  Time since last request: 0.000308 seconds.
  path: Assets/Prefabs/FaceMeshPrefab.prefab
  artifactKey: Guid(92e70fac81673432784c18cf08f10366) Importer(815301076,1909f56bfc062723c751e8b465ee728b)
Start importing Assets/Prefabs/FaceMeshPrefab.prefab using Guid(92e70fac81673432784c18cf08f10366) Importer(815301076,1909f56bfc062723c751e8b465ee728b)  -> (artifact id: '4930ce618ffc721fa76fa7f4a77d47ed') in 0.014055 seconds 
  Import took 0.016748 seconds .

========================================================================
Received Import Request.
  Time since last request: 0.000203 seconds.
  path: Assets/Prefabs/FixationReticle.prefab
  artifactKey: Guid(a14db57d4a388438285ebba933990962) Importer(815301076,1909f56bfc062723c751e8b465ee728b)
Start importing Assets/Prefabs/FixationReticle.prefab using Guid(a14db57d4a388438285ebba933990962) Importer(815301076,1909f56bfc062723c751e8b465ee728b)  -> (artifact id: 'bf7e6756402484af243411b6ffe199c0') in 0.012289 seconds 
  Import took 0.014788 seconds .

========================================================================
Received Import Request.
  Time since last request: 0.000218 seconds.
  path: Assets/Prefabs/AR Feathered Plane Fade.prefab
  artifactKey: Guid(617b10198100d44078c5e70d97423117) Importer(815301076,1909f56bfc062723c751e8b465ee728b)
Start importing Assets/Prefabs/AR Feathered Plane Fade.prefab using Guid(617b10198100d44078c5e70d97423117) Importer(815301076,1909f56bfc062723c751e8b465ee728b)  -> (artifact id: 'd142725904c8b67d429edb3a78a3924d') in 0.012011 seconds 
  Import took 0.014541 seconds .

========================================================================
Received Import Request.
  Time since last request: 0.000242 seconds.
  path: Assets/Prefabs/ReflectiveSphere.prefab
  artifactKey: Guid(cc7ced85c210d4c2eb70bc117e21b21f) Importer(815301076,1909f56bfc062723c751e8b465ee728b)
Start importing Assets/Prefabs/ReflectiveSphere.prefab using Guid(cc7ced85c210d4c2eb70bc117e21b21f) Importer(815301076,1909f56bfc062723c751e8b465ee728b)  -> (artifact id: 'f4d688cc654ccf73237fbd7433311697') in 0.018093 seconds 
  Import took 0.021122 seconds .

========================================================================
Received Import Request.
  Time since last request: 0.000250 seconds.
  path: Assets/Prefabs/Large TriAxes.prefab
  artifactKey: Guid(d70206263780844d1ac3e64fe264d7b4) Importer(815301076,1909f56bfc062723c751e8b465ee728b)
Start importing Assets/Prefabs/Large TriAxes.prefab using Guid(d70206263780844d1ac3e64fe264d7b4) Importer(815301076,1909f56bfc062723c751e8b465ee728b)  -> (artifact id: '59aaef9510c5f9abcba74130c27bcc1e') in 0.017388 seconds 
  Import took 0.020127 seconds .

========================================================================
Received Import Request.
  Time since last request: 0.000344 seconds.
  path: Assets/Prefabs/AR Eye Pose Visualizer.prefab
  artifactKey: Guid(08580be01ddd241d19a72e19bc997f2e) Importer(815301076,1909f56bfc062723c751e8b465ee728b)
Start importing Assets/Prefabs/AR Eye Pose Visualizer.prefab using Guid(08580be01ddd241d19a72e19bc997f2e) Importer(815301076,1909f56bfc062723c751e8b465ee728b)  -> (artifact id: 'afebbf3887b70cca01de4f6ca98ea3df') in 0.011962 seconds 
  Import took 0.015593 seconds .

========================================================================
Received Import Request.
  Time since last request: 0.000314 seconds.
  path: Assets/Prefabs/AR Placed Sphere.prefab
  artifactKey: Guid(2e80f2e009b5347149ebaae6d96ddfb8) Importer(815301076,1909f56bfc062723c751e8b465ee728b)
Start importing Assets/Prefabs/AR Placed Sphere.prefab using Guid(2e80f2e009b5347149ebaae6d96ddfb8) Importer(815301076,1909f56bfc062723c751e8b465ee728b)  -> (artifact id: 'd68d4bdeef2fc83b3ac9ef684c694044') in 0.015582 seconds 
  Import took 0.018855 seconds .

========================================================================
Received Import Request.
  Time since last request: 0.000331 seconds.
  path: Assets/Prefabs/TriAxes.prefab
  artifactKey: Guid(48e43bbe3af404986bbdc5a552e5fefd) Importer(815301076,1909f56bfc062723c751e8b465ee728b)
Start importing Assets/Prefabs/TriAxes.prefab using Guid(48e43bbe3af404986bbdc5a552e5fefd) Importer(815301076,1909f56bfc062723c751e8b465ee728b)  -> (artifact id: 'bf0fde9239a6faf0f0c49d25dbbbc9b0') in 0.018124 seconds 
  Import took 0.020954 seconds .

========================================================================
Received Import Request.
  Time since last request: 0.000271 seconds.
  path: Assets/Prefabs/EnvironmentProbePrefab.prefab
  artifactKey: Guid(5cfb9441b668a4dc1a2f114e6d072394) Importer(815301076,1909f56bfc062723c751e8b465ee728b)
Start importing Assets/Prefabs/EnvironmentProbePrefab.prefab using Guid(5cfb9441b668a4dc1a2f114e6d072394) Importer(815301076,1909f56bfc062723c751e8b465ee728b)  -> (artifact id: '6bbffa393e71aaefae222b783b55d97f') in 0.209309 seconds 
  Import took 0.211944 seconds .

========================================================================
Received Import Request.
  Time since last request: 0.000248 seconds.
  path: Assets/Prefabs/AR Reference Point Axes.prefab
  artifactKey: Guid(7ab75e6d1363a42c883343aef7bc3596) Importer(815301076,1909f56bfc062723c751e8b465ee728b)
Start importing Assets/Prefabs/AR Reference Point Axes.prefab using Guid(7ab75e6d1363a42c883343aef7bc3596) Importer(815301076,1909f56bfc062723c751e8b465ee728b)  -> (artifact id: 'dd1b64ae885a0b6e86d4d61a03bdc237') in 0.016642 seconds 
  Import took 0.018992 seconds .

========================================================================
Received Import Request.
  Time since last request: 0.000182 seconds.
  path: Assets/Prefabs/AR Feathered Plane.prefab
  artifactKey: Guid(d16dd8da7e4ccbe42b1b4a344a72ecbb) Importer(815301076,1909f56bfc062723c751e8b465ee728b)
Start importing Assets/Prefabs/AR Feathered Plane.prefab using Guid(d16dd8da7e4ccbe42b1b4a344a72ecbb) Importer(815301076,1909f56bfc062723c751e8b465ee728b)  -> (artifact id: '058bc209f57300816f4bcd2c1d6d6213') in 0.011059 seconds 
  Import took 0.013488 seconds .

========================================================================
Received Import Request.
  Time since last request: 0.000218 seconds.
  path: Assets/Prefabs/SlothHead.prefab
  artifactKey: Guid(a5e76df5cbfd54a06abdaf52046adbc0) Importer(815301076,1909f56bfc062723c751e8b465ee728b)
Start importing Assets/Prefabs/SlothHead.prefab using Guid(a5e76df5cbfd54a06abdaf52046adbc0) Importer(815301076,1909f56bfc062723c751e8b465ee728b)  -> (artifact id: '95f7578a2d2ea5075839a00ac62403fd') in 0.096214 seconds 
  Import took 0.101713 seconds .

========================================================================
Received Import Request.
  Time since last request: 0.000232 seconds.
  path: Assets/Prefabs/AR Placed Cube.prefab
  artifactKey: Guid(b34b6c8f1206a6844b983e23b9da0441) Importer(815301076,1909f56bfc062723c751e8b465ee728b)
Start importing Assets/Prefabs/AR Placed Cube.prefab using Guid(b34b6c8f1206a6844b983e23b9da0441) Importer(815301076,1909f56bfc062723c751e8b465ee728b)  -> (artifact id: '1a67d193a03f9681b43c51f338c961f7') in 0.016552 seconds 
  Import took 0.019126 seconds .

========================================================================
Received Import Request.
  Time since last request: 0.000257 seconds.
  path: Assets/Prefabs/AR Point Cloud Debug Visualizer.prefab
  artifactKey: Guid(0d4f49e744bffd14eb527ba76c9bba12) Importer(815301076,1909f56bfc062723c751e8b465ee728b)
Start importing Assets/Prefabs/AR Point Cloud Debug Visualizer.prefab using Guid(0d4f49e744bffd14eb527ba76c9bba12) Importer(815301076,1909f56bfc062723c751e8b465ee728b)  -> (artifact id: '4bb78aeb43d0d3cb59d8da25b09ad520') in 0.043071 seconds 
  Import took 0.045693 seconds .

========================================================================
Received Import Request.
  Time since last request: 0.000227 seconds.
  path: Assets/Prefabs/AR Placed Cube.prefab
  artifactKey: Guid(b34b6c8f1206a6844b983e23b9da0441) Importer(815301076,1909f56bfc062723c751e8b465ee728b)
Start importing Assets/Prefabs/AR Placed Cube.prefab using Guid(b34b6c8f1206a6844b983e23b9da0441) Importer(815301076,1909f56bfc062723c751e8b465ee728b)  -> (artifact id: '1a67d193a03f9681b43c51f338c961f7') in 0.011456 seconds 
  Import took 0.013832 seconds .

========================================================================
Received Import Request.
  Time since last request: 0.000282 seconds.
  path: Assets/Prefabs/Eye Pose Prefab.prefab
  artifactKey: Guid(643bb4f9636444efebc65bc5ec614d1b) Importer(815301076,1909f56bfc062723c751e8b465ee728b)
Start importing Assets/Prefabs/Eye Pose Prefab.prefab using Guid(643bb4f9636444efebc65bc5ec614d1b) Importer(815301076,1909f56bfc062723c751e8b465ee728b)  -> (artifact id: '797b5ddc38b32af9d7eeda19a1ffca89') in 0.020673 seconds 
  Import took 0.023187 seconds .

========================================================================
Received Import Request.
  Time since last request: 0.000262 seconds.
  path: Assets/Prefabs/AR Plane Debug Visualizer.prefab
  artifactKey: Guid(f0e0be81472ff1243aa2afa27e5d0e61) Importer(815301076,1909f56bfc062723c751e8b465ee728b)
Start importing Assets/Prefabs/AR Plane Debug Visualizer.prefab using Guid(f0e0be81472ff1243aa2afa27e5d0e61) Importer(815301076,1909f56bfc062723c751e8b465ee728b)  -> (artifact id: '0ec6c26e38f24d626ae36d9cc301ff6d') in 0.015095 seconds 
  Import took 0.017779 seconds .

========================================================================
Received Import Request.
  Time since last request: 0.000175 seconds.
  path: Assets/Prefabs/CheckeredPlane.prefab
  artifactKey: Guid(ff8f29ba6c29da34ebad74656b566a0b) Importer(815301076,1909f56bfc062723c751e8b465ee728b)
Start importing Assets/Prefabs/CheckeredPlane.prefab using Guid(ff8f29ba6c29da34ebad74656b566a0b) Importer(815301076,1909f56bfc062723c751e8b465ee728b)  -> (artifact id: 'cb436480d319958c174d0351cb7948f4') in 0.017209 seconds 
  Import took 0.019802 seconds .

========================================================================
Received Import Request.
  Time since last request: 0.000210 seconds.
  path: Assets/Prefabs/AR Point Cloud Visualizer.prefab
  artifactKey: Guid(7f988301d22a4406da0408106c75d212) Importer(815301076,1909f56bfc062723c751e8b465ee728b)
Start importing Assets/Prefabs/AR Point Cloud Visualizer.prefab using Guid(7f988301d22a4406da0408106c75d212) Importer(815301076,1909f56bfc062723c751e8b465ee728b)  -> (artifact id: '8c92cd4624dc62689152ecfaa77876c9') in 0.039519 seconds 
  Import took 0.042651 seconds .

========================================================================
Received Import Request.
  Time since last request: 0.000235 seconds.
  path: Assets/Prefabs/Eye Laser Prefab.prefab
  artifactKey: Guid(73d46f3fb3c4d4f6d8e1b7f94cd0086d) Importer(815301076,1909f56bfc062723c751e8b465ee728b)
Start importing Assets/Prefabs/Eye Laser Prefab.prefab using Guid(73d46f3fb3c4d4f6d8e1b7f94cd0086d) Importer(815301076,1909f56bfc062723c751e8b465ee728b)  -> (artifact id: '98378c50130996de5f085e429cc5c9bb') in 0.090322 seconds 
  Import took 0.092704 seconds .

========================================================================
Received Import Request.
  Time since last request: 12.195326 seconds.
  path: Assets/Textures/FeaturePoint.png
  artifactKey: Guid(c8240f56f5bca4387a34716c42b57c76) Importer(815301076,1909f56bfc062723c751e8b465ee728b)
Start importing Assets/Textures/FeaturePoint.png using Guid(c8240f56f5bca4387a34716c42b57c76) Importer(815301076,1909f56bfc062723c751e8b465ee728b)  -> (artifact id: '7b572f8b1dfe07ad56bb12db969830aa') in 0.013028 seconds 
  Import took 0.015427 seconds .

========================================================================
Received Import Request.
  Time since last request: 0.000257 seconds.
  path: Assets/Textures/PlanePatternDot.png
  artifactKey: Guid(cf0c720f1ba9b47e293f4b9bcfb2ecb4) Importer(815301076,1909f56bfc062723c751e8b465ee728b)
Start importing Assets/Textures/PlanePatternDot.png using Guid(cf0c720f1ba9b47e293f4b9bcfb2ecb4) Importer(815301076,1909f56bfc062723c751e8b465ee728b)  -> (artifact id: 'ec8629d775eb7a6005b6a59495aad104') in 0.015098 seconds 
  Import took 0.018523 seconds .

========================================================================
Received Import Request.
  Time since last request: 0.000199 seconds.
  path: Assets/Textures/Reticle.png
  artifactKey: Guid(80ffce31fe5404f1c91aa768d2cb33e8) Importer(815301076,1909f56bfc062723c751e8b465ee728b)
Start importing Assets/Textures/Reticle.png using Guid(80ffce31fe5404f1c91aa768d2cb33e8) Importer(815301076,1909f56bfc062723c751e8b465ee728b)  -> (artifact id: 'e3f7b89b330eb7c72dbc7e994806147e') in 0.015230 seconds 
  Import took 0.017711 seconds .

========================================================================
Received Import Request.
  Time since last request: 0.000234 seconds.
  path: Assets/Textures/sloth_all_1001_AlbedoTransparency.png
  artifactKey: Guid(b0a9b07b207264316bf3be95cdcf6a08) Importer(815301076,1909f56bfc062723c751e8b465ee728b)
Start importing Assets/Textures/sloth_all_1001_AlbedoTransparency.png using Guid(b0a9b07b207264316bf3be95cdcf6a08) Importer(815301076,1909f56bfc062723c751e8b465ee728b)  -> (artifact id: 'a4beda3ef3b6abe51a17bdfca2d3da58') in 0.027895 seconds 
  Import took 0.030612 seconds .

========================================================================
Received Import Request.
  Time since last request: 0.000262 seconds.
  path: Assets/Textures/sloth_all_1001_Normal.png
  artifactKey: Guid(27a1657365e7440158436bc8e151d931) Importer(815301076,1909f56bfc062723c751e8b465ee728b)
Start importing Assets/Textures/sloth_all_1001_Normal.png using Guid(27a1657365e7440158436bc8e151d931) Importer(815301076,1909f56bfc062723c751e8b465ee728b)  -> (artifact id: '503c705056aaeb0ab872e810fa151e24') in 0.037235 seconds 
  Import took 0.041247 seconds .

========================================================================
Received Import Request.
  Time since last request: 0.000179 seconds.
  path: Assets/Textures/tricolor2.png
  artifactKey: Guid(29407541718b1481abec1654c128b21d) Importer(815301076,1909f56bfc062723c751e8b465ee728b)
Start importing Assets/Textures/tricolor2.png using Guid(29407541718b1481abec1654c128b21d) Importer(815301076,1909f56bfc062723c751e8b465ee728b)  -> (artifact id: '222e4680cd13014d61064999f1f2c84f') in 0.014473 seconds 
  Import took 0.016928 seconds .

========================================================================
Received Import Request.
  Time since last request: 0.000201 seconds.
  path: Assets/Textures/sloth_all_1001_MetallicSmoothness.png
  artifactKey: Guid(433a9cacc6e034c25a6a14eb6af1b09c) Importer(815301076,1909f56bfc062723c751e8b465ee728b)
Start importing Assets/Textures/sloth_all_1001_MetallicSmoothness.png using Guid(433a9cacc6e034c25a6a14eb6af1b09c) Importer(815301076,1909f56bfc062723c751e8b465ee728b)  -> (artifact id: '336f220032d66ce2784b34eafd516284') in 0.040895 seconds 
  Import took 0.044661 seconds .

========================================================================
Received Import Request.
  Time since last request: 0.000215 seconds.
  path: Assets/Textures/tricolor1.png
  artifactKey: Guid(621b34d995d0b424a89840c10e611e18) Importer(815301076,1909f56bfc062723c751e8b465ee728b)
Start importing Assets/Textures/tricolor1.png using Guid(621b34d995d0b424a89840c10e611e18) Importer(815301076,1909f56bfc062723c751e8b465ee728b)  -> (artifact id: '64e4aca93c917598977ed611b31f4904') in 0.013782 seconds 
  Import took 0.016250 seconds .

========================================================================
Received Import Request.
  Time since last request: 0.000223 seconds.
  path: Assets/Textures/tricolor3.png
  artifactKey: Guid(65cfb9a9f0d2e4c6487bc6a41826b7b1) Importer(815301076,1909f56bfc062723c751e8b465ee728b)
Start importing Assets/Textures/tricolor3.png using Guid(65cfb9a9f0d2e4c6487bc6a41826b7b1) Importer(815301076,1909f56bfc062723c751e8b465ee728b)  -> (artifact id: '2cfa822f68027fe87de04f48429514c0') in 0.019473 seconds 
  Import took 0.021958 seconds .

========================================================================
Received Import Request.
  Time since last request: 1.818002 seconds.
  path: Assets/XR/XRGeneralSettings.asset
  artifactKey: Guid(e2f869774b12e400996eb546603602e3) Importer(815301076,1909f56bfc062723c751e8b465ee728b)
Start importing Assets/XR/XRGeneralSettings.asset using Guid(e2f869774b12e400996eb546603602e3) Importer(815301076,1909f56bfc062723c751e8b465ee728b)  -> (artifact id: '74063b26e3e3e3619ac92603274e8ac4') in 0.024868 seconds 
  Import took 0.028188 seconds .

========================================================================
Received Import Request.
  Time since last request: 5.589069 seconds.
  path: Assets/Materials/Island/CloudMaterial.mat
  artifactKey: Guid(957fad4254a519644a7ae6735a578bd2) Importer(815301076,1909f56bfc062723c751e8b465ee728b)
Start importing Assets/Materials/Island/CloudMaterial.mat using Guid(957fad4254a519644a7ae6735a578bd2) Importer(815301076,1909f56bfc062723c751e8b465ee728b)  -> (artifact id: 'd0315a68a485690e5c0cfc6c88a159e6') in 0.082201 seconds 
  Import took 0.085453 seconds .

========================================================================
Received Import Request.
  Time since last request: 0.000252 seconds.
  path: Assets/Materials/Island/TrunkMaterial.mat
  artifactKey: Guid(81403ee9cc623044287e0b38947c4c2e) Importer(815301076,1909f56bfc062723c751e8b465ee728b)
Start importing Assets/Materials/Island/TrunkMaterial.mat using Guid(81403ee9cc623044287e0b38947c4c2e) Importer(815301076,1909f56bfc062723c751e8b465ee728b)  -> (artifact id: 'ad414ba6965d3880db9d624b3576ca55') in 0.072149 seconds 
  Import took 0.074691 seconds .

========================================================================
Received Import Request.
  Time since last request: 0.000195 seconds.
  path: Assets/Materials/Island/RocksMaterial.mat
  artifactKey: Guid(2d59ad97aff41a543ac33bd97443f7a7) Importer(815301076,1909f56bfc062723c751e8b465ee728b)
Start importing Assets/Materials/Island/RocksMaterial.mat using Guid(2d59ad97aff41a543ac33bd97443f7a7) Importer(815301076,1909f56bfc062723c751e8b465ee728b)  -> (artifact id: '4da783fe10b7eb15f3dac9d49673fb16') in 0.016231 seconds 
  Import took 0.018923 seconds .

========================================================================
Received Import Request.
  Time since last request: 0.000240 seconds.
  path: Assets/Materials/Island/WindmillMaterial3.mat
  artifactKey: Guid(31b750f2d335b4f4095c692a5fc434a1) Importer(815301076,1909f56bfc062723c751e8b465ee728b)
Start importing Assets/Materials/Island/WindmillMaterial3.mat using Guid(31b750f2d335b4f4095c692a5fc434a1) Importer(815301076,1909f56bfc062723c751e8b465ee728b)  -> (artifact id: '877e474909e56fa7cfce797b88d6b3ae') in 0.021768 seconds 
  Import took 0.024310 seconds .

========================================================================
Received Import Request.
  Time since last request: 0.000225 seconds.
  path: Assets/Materials/Island/TreeMaterial.mat
  artifactKey: Guid(0090737547b6d3d4ba4818301b64eda7) Importer(815301076,1909f56bfc062723c751e8b465ee728b)
Start importing Assets/Materials/Island/TreeMaterial.mat using Guid(0090737547b6d3d4ba4818301b64eda7) Importer(815301076,1909f56bfc062723c751e8b465ee728b)  -> (artifact id: '5ce570ddd68b414107168de6e08144d3') in 0.019187 seconds 
  Import took 0.021952 seconds .

========================================================================
Received Import Request.
  Time since last request: 0.000281 seconds.
  path: Assets/Materials/Island/GrassMaterial.mat
  artifactKey: Guid(d7919777f6f036f40add20087c0736b0) Importer(815301076,1909f56bfc062723c751e8b465ee728b)
Start importing Assets/Materials/Island/GrassMaterial.mat using Guid(d7919777f6f036f40add20087c0736b0) Importer(815301076,1909f56bfc062723c751e8b465ee728b)  -> (artifact id: '05e389f1f461b7c3a2eda5d06ae3825b') in 0.016172 seconds 
  Import took 0.018543 seconds .

========================================================================
Received Import Request.
  Time since last request: 0.000220 seconds.
  path: Assets/Materials/Island/WindmillMaterial2.mat
  artifactKey: Guid(3e2aa92d69ea4554f9bf88cbf957161a) Importer(815301076,1909f56bfc062723c751e8b465ee728b)
Start importing Assets/Materials/Island/WindmillMaterial2.mat using Guid(3e2aa92d69ea4554f9bf88cbf957161a) Importer(815301076,1909f56bfc062723c751e8b465ee728b)  -> (artifact id: '8da475b0d570e1cade1e141b1263986f') in 0.016541 seconds 
  Import took 0.019244 seconds .

========================================================================
Received Import Request.
  Time since last request: 0.000196 seconds.
  path: Assets/Materials/Island/GroundMaterial.mat
  artifactKey: Guid(14a7f6a2fe084144198092edfc9f0352) Importer(815301076,1909f56bfc062723c751e8b465ee728b)
Start importing Assets/Materials/Island/GroundMaterial.mat using Guid(14a7f6a2fe084144198092edfc9f0352) Importer(815301076,1909f56bfc062723c751e8b465ee728b)  -> (artifact id: 'f9107ecf9d537ee690c465d602edcbb8') in 0.016783 seconds 
  Import took 0.019252 seconds .

========================================================================
Received Import Request.
  Time since last request: 0.000175 seconds.
  path: Assets/Materials/Island/WIndmillMaterial1.mat
  artifactKey: Guid(9ae90089cec258a48a57ecb91b148567) Importer(815301076,1909f56bfc062723c751e8b465ee728b)
Start importing Assets/Materials/Island/WIndmillMaterial1.mat using Guid(9ae90089cec258a48a57ecb91b148567) Importer(815301076,1909f56bfc062723c751e8b465ee728b)  -> (artifact id: '0f3f7c99291fd5d137959924cf347159') in 0.016487 seconds 
  Import took 0.019051 seconds .

========================================================================
Received Import Request.
  Time since last request: 0.000191 seconds.
  path: Assets/Materials/Island/WaterMaterial.mat
  artifactKey: Guid(cea2c21227fc3ca499b7ac01b3fbdc14) Importer(815301076,1909f56bfc062723c751e8b465ee728b)
Start importing Assets/Materials/Island/WaterMaterial.mat using Guid(cea2c21227fc3ca499b7ac01b3fbdc14) Importer(815301076,1909f56bfc062723c751e8b465ee728b)  -> (artifact id: 'adee244d79f4170e9863e38b7bcced3b') in 0.015394 seconds 
  Import took 0.017806 seconds .

========================================================================
Received Import Request.
  Time since last request: 0.000278 seconds.
  path: Assets/Materials/Island/WindmillMaterial4.mat
  artifactKey: Guid(57b54408eb0b1f5459a4a33cdd129203) Importer(815301076,1909f56bfc062723c751e8b465ee728b)
Start importing Assets/Materials/Island/WindmillMaterial4.mat using Guid(57b54408eb0b1f5459a4a33cdd129203) Importer(815301076,1909f56bfc062723c751e8b465ee728b)  -> (artifact id: 'b4f16804a9d4610af58952cfc25f1553') in 0.016474 seconds 
  Import took 0.019559 seconds .

========================================================================
Received Import Request.
  Time since last request: 0.121929 seconds.
  path: Assets/Meshes/sloth_head_blendshapes5.fbx
  artifactKey: Guid(63ae12abc50414d5c882dbe18f6a820b) Importer(815301076,1909f56bfc062723c751e8b465ee728b)
Start importing Assets/Meshes/sloth_head_blendshapes5.fbx using Guid(63ae12abc50414d5c882dbe18f6a820b) Importer(815301076,1909f56bfc062723c751e8b465ee728b)  -> (artifact id: '5c85917ad4558e9da038b9c4669707a5') in 0.113806 seconds 
  Import took 0.120448 seconds .

========================================================================
Received Import Request.
  Time since last request: 22.255440 seconds.
  path: Assets/XR/Settings/AR Core Loader Settings.asset
  artifactKey: Guid(744f7b7c543b14d4b9d766a0b6de5fa9) Importer(815301076,1909f56bfc062723c751e8b465ee728b)
Start importing Assets/XR/Settings/AR Core Loader Settings.asset using Guid(744f7b7c543b14d4b9d766a0b6de5fa9) Importer(815301076,1909f56bfc062723c751e8b465ee728b)  -> (artifact id: 'bbd3cb0ea408476d3e4cf645d3d48f73') in 0.009294 seconds 
  Import took 0.012741 seconds .

========================================================================
Received Import Request.
  Time since last request: 0.000218 seconds.
  path: Assets/XR/Settings/AR Core Settings.asset
  artifactKey: Guid(f8ce26fe3bc69499b9be4b2378e97a94) Importer(815301076,1909f56bfc062723c751e8b465ee728b)
Start importing Assets/XR/Settings/AR Core Settings.asset using Guid(f8ce26fe3bc69499b9be4b2378e97a94) Importer(815301076,1909f56bfc062723c751e8b465ee728b)  -> (artifact id: '43a0e6f242b877bdd8323755e218370b') in 0.009266 seconds 
  Import took 0.012103 seconds .

========================================================================
Received Import Request.
  Time since last request: 0.000282 seconds.
  path: Assets/XR/Settings/AR Kit Loader Settings.asset
  artifactKey: Guid(2b53a1558721942769a0f9459123f888) Importer(815301076,1909f56bfc062723c751e8b465ee728b)
Start importing Assets/XR/Settings/AR Kit Loader Settings.asset using Guid(2b53a1558721942769a0f9459123f888) Importer(815301076,1909f56bfc062723c751e8b465ee728b)  -> (artifact id: 'd91670c073d98caefacd21f31f8deb50') in 0.009057 seconds 
  Import took 0.011722 seconds .

========================================================================
Received Import Request.
  Time since last request: 0.000221 seconds.
  path: Assets/XR/Settings/AR Kit Settings.asset
  artifactKey: Guid(98c79e8cc22674a89a95a3a90e2b70cb) Importer(815301076,1909f56bfc062723c751e8b465ee728b)
Start importing Assets/XR/Settings/AR Kit Settings.asset using Guid(98c79e8cc22674a89a95a3a90e2b70cb) Importer(815301076,1909f56bfc062723c751e8b465ee728b)  -> (artifact id: '49dbd131765903cb2cd08a80cea0669f') in 0.010223 seconds 
  Import took 0.012842 seconds .

========================================================================
Received Import Request.
  Time since last request: 6.841364 seconds.
  path: Assets/Scenes/AnchorsSettings.lighting
  artifactKey: Guid(0d14d086a75004a7aa781eb11b1a3f4b) Importer(815301076,1909f56bfc062723c751e8b465ee728b)
Start importing Assets/Scenes/AnchorsSettings.lighting using Guid(0d14d086a75004a7aa781eb11b1a3f4b) Importer(815301076,1909f56bfc062723c751e8b465ee728b)  -> (artifact id: 'd8947866fc67fc26968275716d6c075c') in 0.010929 seconds 
  Import took 0.013915 seconds .

========================================================================
Received Import Request.
  Time since last request: 2.102559 seconds.
  path: Assets/Scenes/AnchorsSettings.lighting
  artifactKey: Guid(0d14d086a75004a7aa781eb11b1a3f4b) Importer(815301076,1909f56bfc062723c751e8b465ee728b)
Start importing Assets/Scenes/AnchorsSettings.lighting using Guid(0d14d086a75004a7aa781eb11b1a3f4b) Importer(815301076,1909f56bfc062723c751e8b465ee728b)  -> (artifact id: 'd8947866fc67fc26968275716d6c075c') in 0.004807 seconds 
  Import took 0.007623 seconds .

========================================================================
Received Import Request.
  Time since last request: 0.708673 seconds.
  path: Assets/Scenes/Check SupportSettings.lighting
  artifactKey: Guid(2be0ed983e854419e8cedcc6e747b347) Importer(815301076,1909f56bfc062723c751e8b465ee728b)
Start importing Assets/Scenes/Check SupportSettings.lighting using Guid(2be0ed983e854419e8cedcc6e747b347) Importer(815301076,1909f56bfc062723c751e8b465ee728b)  -> (artifact id: '6e59a8f9dfc7ca2be2cfbbe99699c183') in 0.009684 seconds 
  Import took 0.012468 seconds .

========================================================================
Received Import Request.
  Time since last request: 0.001172 seconds.
  path: Assets/Scenes/Check SupportSettings.lighting
  artifactKey: Guid(2be0ed983e854419e8cedcc6e747b347) Importer(815301076,1909f56bfc062723c751e8b465ee728b)
Start importing Assets/Scenes/Check SupportSettings.lighting using Guid(2be0ed983e854419e8cedcc6e747b347) Importer(815301076,1909f56bfc062723c751e8b465ee728b)  -> (artifact id: '6e59a8f9dfc7ca2be2cfbbe99699c183') in 0.004303 seconds 
  Import took 0.006786 seconds .

========================================================================
Received Import Request.
  Time since last request: 0.875668 seconds.
  path: Assets/Scenes/Anchors.unity
  artifactKey: Guid(5cba9114a192a46a7aef31da62316e39) Importer(815301076,1909f56bfc062723c751e8b465ee728b)
Start importing Assets/Scenes/Anchors.unity using Guid(5cba9114a192a46a7aef31da62316e39) Importer(815301076,1909f56bfc062723c751e8b465ee728b)  -> (artifact id: 'd999b4343b077b8151cea07c553dec8b') in 0.010549 seconds 
  Import took 0.013692 seconds .

========================================================================
Received Import Request.
  Time since last request: 1.306525 seconds.
  path: Assets/Scenes/Check Support.unity
  artifactKey: Guid(cf67ab53e5ff241dfa61608222d82109) Importer(815301076,1909f56bfc062723c751e8b465ee728b)
Start importing Assets/Scenes/Check Support.unity using Guid(cf67ab53e5ff241dfa61608222d82109) Importer(815301076,1909f56bfc062723c751e8b465ee728b)  -> (artifact id: '2bf243620ef478d197a0ff9cb13594e3') in 0.008402 seconds 
  Import took 0.010766 seconds .

========================================================================
Received Import Request.
  Time since last request: 1.387649 seconds.
  path: Assets/Scenes/CpuImages.unity
  artifactKey: Guid(e769916924fd3814ab1d9474de816b22) Importer(815301076,1909f56bfc062723c751e8b465ee728b)
Start importing Assets/Scenes/CpuImages.unity using Guid(e769916924fd3814ab1d9474de816b22) Importer(815301076,1909f56bfc062723c751e8b465ee728b)  -> (artifact id: 'b459b18b4b460b249b0ffdc579dd9378') in 0.008793 seconds 
  Import took 0.011374 seconds .

========================================================================
Received Import Request.
  Time since last request: 1.209796 seconds.
  path: Assets/Scenes/EnvironmentProbes.unity
  artifactKey: Guid(d568d188cadf141e38769dbabd3fe385) Importer(815301076,1909f56bfc062723c751e8b465ee728b)
Start importing Assets/Scenes/EnvironmentProbes.unity using Guid(d568d188cadf141e38769dbabd3fe385) Importer(815301076,1909f56bfc062723c751e8b465ee728b)  -> (artifact id: '09005d8b5d2067be5320ccdbb15443f5') in 0.008069 seconds 
  Import took 0.011022 seconds .

========================================================================
Received Import Request.
  Time since last request: 0.860415 seconds.
  path: Assets/Scenes/Scale.unity
  artifactKey: Guid(13ac91f677dc22f4ca320ef8ae727b68) Importer(815301076,1909f56bfc062723c751e8b465ee728b)
Start importing Assets/Scenes/Scale.unity using Guid(13ac91f677dc22f4ca320ef8ae727b68) Importer(815301076,1909f56bfc062723c751e8b465ee728b)  -> (artifact id: '4fcb1cf279bcae38384db71cd1b7fc7b') in 0.010839 seconds 
  Import took 0.014239 seconds .

========================================================================
Received Prepare
Registering precompiled user dll's ...
Registered in 0.001133 seconds.
Begin MonoManager ReloadAssembly
Native extension for WindowsStandalone target not found
Native extension for WebGL target not found
Refreshing native plugins compatible for Editor in 0.34 ms, found 0 plugins.
Preloading 0 native plugins for Editor in 0.00 ms.
Mono: successfully reloaded assembly
- Completed reload, in  0.988 seconds
Domain Reload Profiling:
	ReloadAssembly (988ms)
		BeginReloadAssembly (165ms)
			ExecutionOrderSort (0ms)
			DisableScriptedObjects (4ms)
			BackupInstance (0ms)
			ReleaseScriptingObjects (0ms)
			CreateAndSetChildDomain (34ms)
		EndReloadAssembly (743ms)
			LoadAssemblies (120ms)
			RebuildTransferFunctionScriptingTraits (0ms)
			SetupTypeCache (211ms)
			ReleaseScriptCaches (0ms)
			RebuildScriptCaches (29ms)
			SetupLoadedEditorAssemblies (285ms)
				LogAssemblyErrors (0ms)
				InitializePlatformSupportModulesInManaged (6ms)
				SetLoadedEditorAssemblies (0ms)
				RefreshPlugins (0ms)
				BeforeProcessingInitializeOnLoad (110ms)
				ProcessInitializeOnLoadAttributes (147ms)
				ProcessInitializeOnLoadMethodAttributes (3ms)
				AfterProcessingInitializeOnLoad (18ms)
				EditorAssembliesLoaded (0ms)
			ExecutionOrderSort2 (0ms)
			AwakeInstancesAfterBackupRestoration (8ms)
Platform modules already initialized, skipping
Switching build target platform(19) subTarget(0) extendedPlatform(0) -> platform(13) subTarget(589824) extendedPlatform(0)
Refreshing native plugins compatible for Editor in 0.38 ms, found 0 plugins.
Preloading 0 native plugins for Editor in 0.00 ms.
Unloading 1537 Unused Serialized files (Serialized files now loaded: 0)
System memory in use before: 90.1 MB.
System memory in use after: 90.2 MB.

Unloading 18 unused Assets to reduce memory usage. Loaded Objects now: 2048.
Total: 2.442000 ms (FindLiveObjects: 0.175800 ms CreateObjectMapping: 0.035400 ms MarkObjects: 2.166200 ms  DeleteObjects: 0.063300 ms)

AssetImportParameters requested are different than current active one (requested -> active):
  custom:framework-win-MediaFoundation: 216162199b28c13a410421893ffa2e32 -> 
  custom:video-decoder-ogg-theora: a1e56fd34408186e4bbccfd4996cb3dc -> 
  custom:container-muxer-webm: aa71ff27fc2769a1b78a27578f13a17b -> 
  custom:container-demuxer-webm: 4f35f7cbe854078d1ac9338744f61a02 -> 
  custom:container-demuxer-ogg: 62fdf1f143b41e24485cea50d1cbac27 -> 
  custom:video-encoder-webm-vp8: eb34c28f22e8b96e1ab97ce403110664 -> 
  custom:video-decoder-webm-vp8: 9c59270c3fd7afecdb556c50c9e8de78 -> 
  custom:graphics/normal-map-encoding: 01000000000000000000000000000000 -> 02000000000000000000000000000000
  custom:audio-decoder-ogg-vorbis: bf7c407c2cedff20999df2af8eb42d56 -> 
  custom:audio-encoder-webm-vorbis: bf7c407c2cedff20999df2af8eb42d56 -> 
========================================================================
Received Prepare
Refreshing native plugins compatible for Editor in 5.96 ms, found 0 plugins.
Preloading 0 native plugins for Editor in 0.00 ms.
Unloading 12 Unused Serialized files (Serialized files now loaded: 0)
System memory in use before: 59.2 MB.
System memory in use after: 59.3 MB.

Unloading 12 unused Assets to reduce memory usage. Loaded Objects now: 2048.
Total: 3.491700 ms (FindLiveObjects: 0.220200 ms CreateObjectMapping: 0.065200 ms MarkObjects: 3.160800 ms  DeleteObjects: 0.043800 ms)

AssetImportParameters requested are different than current active one (requested -> active):
  custom:framework-win-MediaFoundation: 216162199b28c13a410421893ffa2e32 -> 
  custom:video-decoder-ogg-theora: a1e56fd34408186e4bbccfd4996cb3dc -> 
  custom:container-muxer-webm: aa71ff27fc2769a1b78a27578f13a17b -> 
  custom:container-demuxer-webm: 4f35f7cbe854078d1ac9338744f61a02 -> 
  custom:container-demuxer-ogg: 62fdf1f143b41e24485cea50d1cbac27 -> 
  custom:video-encoder-webm-vp8: eb34c28f22e8b96e1ab97ce403110664 -> 
  custom:video-decoder-webm-vp8: 9c59270c3fd7afecdb556c50c9e8de78 -> 
  custom:audio-decoder-ogg-vorbis: bf7c407c2cedff20999df2af8eb42d56 -> 
  custom:audio-encoder-webm-vorbis: bf7c407c2cedff20999df2af8eb42d56 -> 
========================================================================
Received Import Request.
  Time since last request: 1195.165803 seconds.
  path: Assets/Scenes/ARKit/ARCollaborationData/TriAxesWithDebugText.prefab
  artifactKey: Guid(8fe3e998d2f7f4eb8ac84726705ca1fd) Importer(815301076,1909f56bfc062723c751e8b465ee728b)
Start importing Assets/Scenes/ARKit/ARCollaborationData/TriAxesWithDebugText.prefab using Guid(8fe3e998d2f7f4eb8ac84726705ca1fd) Importer(815301076,1909f56bfc062723c751e8b465ee728b)  -> (artifact id: '749e473b8c8ac9ffacf58fc3ff5c53fd') in 0.197293 seconds 
  Import took 0.200010 seconds .

========================================================================
Received Import Request.
  Time since last request: 22.410944 seconds.
  path: Assets/Scenes/FaceTracking/ARCoreFaceRegions.unity
  artifactKey: Guid(d1739ac106ca65e4b83528a440314bd9) Importer(815301076,1909f56bfc062723c751e8b465ee728b)
Start importing Assets/Scenes/FaceTracking/ARCoreFaceRegions.unity using Guid(d1739ac106ca65e4b83528a440314bd9) Importer(815301076,1909f56bfc062723c751e8b465ee728b)  -> (artifact id: 'a9aec25056d9e0409f4b337102804af0') in 0.009428 seconds 
  Import took 0.011714 seconds .

========================================================================
Received Import Request.
  Time since last request: 1.011449 seconds.
  path: Assets/Scenes/FaceTracking/ARKitFaceBlendShapes.unity
  artifactKey: Guid(e9280441e79e84bdbbf6b724880ae2d9) Importer(815301076,1909f56bfc062723c751e8b465ee728b)
Start importing Assets/Scenes/FaceTracking/ARKitFaceBlendShapes.unity using Guid(e9280441e79e84bdbbf6b724880ae2d9) Importer(815301076,1909f56bfc062723c751e8b465ee728b)  -> (artifact id: 'ef6b4c6927cca42cc0135290dae229d7') in 0.008745 seconds 
  Import took 0.011592 seconds .

========================================================================
Received Import Request.
  Time since last request: 3.092364 seconds.
  path: Assets/Scenes/FaceTracking/EyeLasers.unity
  artifactKey: Guid(c8ca2b95503fe4a7194f37bfbe5e4688) Importer(815301076,1909f56bfc062723c751e8b465ee728b)
Start importing Assets/Scenes/FaceTracking/EyeLasers.unity using Guid(c8ca2b95503fe4a7194f37bfbe5e4688) Importer(815301076,1909f56bfc062723c751e8b465ee728b)  -> (artifact id: '02a9170d8c6148ad7aacc2672930bf21') in 0.011165 seconds 
  Import took 0.013568 seconds .

========================================================================
Received Import Request.
  Time since last request: 0.866065 seconds.
  path: Assets/Scenes/FaceTracking/FacePose.unity
  artifactKey: Guid(d8b65509a10894e1dbb93c799ececfd9) Importer(815301076,1909f56bfc062723c751e8b465ee728b)
Start importing Assets/Scenes/FaceTracking/FacePose.unity using Guid(d8b65509a10894e1dbb93c799ececfd9) Importer(815301076,1909f56bfc062723c751e8b465ee728b)  -> (artifact id: 'd233b5137e2426b083acc704eb37a9ee') in 0.008346 seconds 
  Import took 0.011033 seconds .

AssetImportWorkerClient::OnTransportError - code=2 error=End of file
