Using pre-set license
Built from '2020.3/staging' branch; Version is '2020.3.16f1 (049d6eca3c44) revision 302446'; Using compiler version '192528614'; Build Type 'Release'
OS: 'Windows 10 Home; OS build 19042.1288; Version 2009; 64bit' Language: 'zh' Physical Memory: 15789 MB
BatchMode: 1, IsHumanControllingUs: 0, StartBugReporterOnCrash: 0, Is64bit: 1, IsPro: 0

 COMMAND LINE ARGUMENTS:
C:\Program Files\Unity\Hub\Editor\2020.3.16f1\Editor\Unity.exe
-adb2
-batchMode
-noUpm
-name
AssetImportWorker0
-projectPath
C:/Users/willy/Documents/GitHub/unity_lesson_AR_foundation/unity_lesson_AR_foundation
-logFile
Logs/AssetImportWorker0.log
-srvPort
11903
Successfully changed project path to: C:/Users/willy/Documents/GitHub/unity_lesson_AR_foundation/unity_lesson_AR_foundation
C:/Users/willy/Documents/GitHub/unity_lesson_AR_foundation/unity_lesson_AR_foundation
Using Asset Import Pipeline V2.
Refreshing native plugins compatible for Editor in 40.90 ms, found 2 plugins.
Preloading 0 native plugins for Editor in 0.00 ms.
Initialize engine version: 2020.3.16f1 (049d6eca3c44)
[Subsystems] Discovering subsystems at path C:/Program Files/Unity/Hub/Editor/2020.3.16f1/Editor/Data/Resources/UnitySubsystems
[Subsystems] Discovering subsystems at path C:/Users/willy/Documents/GitHub/unity_lesson_AR_foundation/unity_lesson_AR_foundation/Assets
GfxDevice: creating device client; threaded=0
Direct3D:
    Version:  Direct3D 11.0 [level 11.1]
    Renderer: NVIDIA GeForce RTX 2060 (ID=0x1f15)
    Vendor:   
    VRAM:     5980 MB
    Driver:   30.0.14.7196
Initialize mono
Mono path[0] = 'C:/Program Files/Unity/Hub/Editor/2020.3.16f1/Editor/Data/Managed'
Mono path[1] = 'C:/Program Files/Unity/Hub/Editor/2020.3.16f1/Editor/Data/MonoBleedingEdge/lib/mono/unityjit'
Mono config path = 'C:/Program Files/Unity/Hub/Editor/2020.3.16f1/Editor/Data/MonoBleedingEdge/etc'
Using monoOptions --debugger-agent=transport=dt_socket,embedding=1,server=y,suspend=n,address=127.0.0.1:56000
Begin MonoManager ReloadAssembly
Registering precompiled unity dll's ...
Register platform support module: C:/Program Files/Unity/Hub/Editor/2020.3.16f1/Editor/Data/PlaybackEngines/WebGLSupport/UnityEditor.WebGL.Extensions.dll
Register platform support module: C:/Program Files/Unity/Hub/Editor/2020.3.16f1/Editor/Data/PlaybackEngines/WindowsStandaloneSupport/UnityEditor.WindowsStandalone.Extensions.dll
Registered in 0.006099 seconds.
Native extension for WindowsStandalone target not found
Native extension for WebGL target not found
Refreshing native plugins compatible for Editor in 38.95 ms, found 2 plugins.
Preloading 0 native plugins for Editor in 0.00 ms.
Mono: successfully reloaded assembly
- Completed reload, in  2.730 seconds
Domain Reload Profiling:
	ReloadAssembly (2730ms)
		BeginReloadAssembly (80ms)
			ExecutionOrderSort (0ms)
			DisableScriptedObjects (0ms)
			BackupInstance (0ms)
			ReleaseScriptingObjects (0ms)
			CreateAndSetChildDomain (1ms)
		EndReloadAssembly (419ms)
			LoadAssemblies (74ms)
			RebuildTransferFunctionScriptingTraits (0ms)
			SetupTypeCache (140ms)
			ReleaseScriptCaches (0ms)
			RebuildScriptCaches (34ms)
			SetupLoadedEditorAssemblies (162ms)
				LogAssemblyErrors (0ms)
				InitializePlatformSupportModulesInManaged (5ms)
				SetLoadedEditorAssemblies (0ms)
				RefreshPlugins (39ms)
				BeforeProcessingInitializeOnLoad (17ms)
				ProcessInitializeOnLoadAttributes (75ms)
				ProcessInitializeOnLoadMethodAttributes (26ms)
				AfterProcessingInitializeOnLoad (0ms)
				EditorAssembliesLoaded (0ms)
			ExecutionOrderSort2 (0ms)
			AwakeInstancesAfterBackupRestoration (0ms)
Platform modules already initialized, skipping
Registering precompiled user dll's ...
Registered in 0.007615 seconds.
Begin MonoManager ReloadAssembly
Native extension for WindowsStandalone target not found
Native extension for WebGL target not found
Refreshing native plugins compatible for Editor in 0.44 ms, found 2 plugins.
Preloading 0 native plugins for Editor in 0.00 ms.
Mono: successfully reloaded assembly
- Completed reload, in  1.173 seconds
Domain Reload Profiling:
	ReloadAssembly (1174ms)
		BeginReloadAssembly (161ms)
			ExecutionOrderSort (0ms)
			DisableScriptedObjects (4ms)
			BackupInstance (0ms)
			ReleaseScriptingObjects (0ms)
			CreateAndSetChildDomain (21ms)
		EndReloadAssembly (935ms)
			LoadAssemblies (115ms)
			RebuildTransferFunctionScriptingTraits (0ms)
			SetupTypeCache (268ms)
			ReleaseScriptCaches (0ms)
			RebuildScriptCaches (44ms)
			SetupLoadedEditorAssemblies (423ms)
				LogAssemblyErrors (0ms)
				InitializePlatformSupportModulesInManaged (6ms)
				SetLoadedEditorAssemblies (0ms)
				RefreshPlugins (1ms)
				BeforeProcessingInitializeOnLoad (116ms)
				ProcessInitializeOnLoadAttributes (281ms)
				ProcessInitializeOnLoadMethodAttributes (4ms)
				AfterProcessingInitializeOnLoad (15ms)
				EditorAssembliesLoaded (0ms)
			ExecutionOrderSort2 (0ms)
			AwakeInstancesAfterBackupRestoration (6ms)
Platform modules already initialized, skipping
========================================================================
Worker process is ready to serve import requests
Launched and connected shader compiler UnityShaderCompiler.exe after 0.06 seconds
Refreshing native plugins compatible for Editor in 0.69 ms, found 2 plugins.
Preloading 0 native plugins for Editor in 0.00 ms.
Unloading 1768 Unused Serialized files (Serialized files now loaded: 0)
System memory in use before: 82.6 MB.
System memory in use after: 82.7 MB.

Unloading 20 unused Assets to reduce memory usage. Loaded Objects now: 2203.
Total: 2.986900 ms (FindLiveObjects: 0.250100 ms CreateObjectMapping: 0.038600 ms MarkObjects: 2.604700 ms  DeleteObjects: 0.091200 ms)

AssetImportParameters requested are different than current active one (requested -> active):
  custom:framework-win-MediaFoundation: 216162199b28c13a410421893ffa2e32 -> 
  custom:video-decoder-ogg-theora: a1e56fd34408186e4bbccfd4996cb3dc -> 
  custom:container-muxer-webm: aa71ff27fc2769a1b78a27578f13a17b -> 
  custom:container-demuxer-webm: 4f35f7cbe854078d1ac9338744f61a02 -> 
  custom:container-demuxer-ogg: 62fdf1f143b41e24485cea50d1cbac27 -> 
  custom:video-encoder-webm-vp8: eb34c28f22e8b96e1ab97ce403110664 -> 
  custom:video-decoder-webm-vp8: 9c59270c3fd7afecdb556c50c9e8de78 -> 
  custom:audio-decoder-ogg-vorbis: bf7c407c2cedff20999df2af8eb42d56 -> 
  custom:audio-encoder-webm-vorbis: bf7c407c2cedff20999df2af8eb42d56 -> 
========================================================================
Received Import Request.
  path: Assets/Scenes
  artifactKey: Guid(b4c66f37c96d57a4fb46689808959114) Importer(815301076,1909f56bfc062723c751e8b465ee728b)
Start importing Assets/Scenes using Guid(b4c66f37c96d57a4fb46689808959114) Importer(815301076,1909f56bfc062723c751e8b465ee728b)  -> (artifact id: '5db2f7e4355c86370661d58892543a40') in 0.011246 seconds 
  Import took 0.014941 seconds .

========================================================================
Received Import Request.
  Time since last request: 33.301173 seconds.
  path: Assets/Scenes/ar foundation環境光反射效果.unity
  artifactKey: Guid(096043ccbd04ebb49ad8248adb4d53df) Importer(815301076,1909f56bfc062723c751e8b465ee728b)
Start importing Assets/Scenes/ar foundation環境光反射效果.unity using Guid(096043ccbd04ebb49ad8248adb4d53df) Importer(815301076,1909f56bfc062723c751e8b465ee728b)  -> (artifact id: '232c4739a47f8c71a140ec059c61f51d') in 0.018949 seconds 
  Import took 0.022238 seconds .

========================================================================
Received Import Request.
  Time since last request: 507.343598 seconds.
  path: Assets/材質
  artifactKey: Guid(f6dc283638580e741b696ad5398f446d) Importer(815301076,1909f56bfc062723c751e8b465ee728b)
Start importing Assets/材質 using Guid(f6dc283638580e741b696ad5398f446d) Importer(815301076,1909f56bfc062723c751e8b465ee728b)  -> (artifact id: '983f04e46c6d6f51f2ea975d67a08645') in 0.009232 seconds 
  Import took 0.012377 seconds .

========================================================================
Received Import Request.
  Time since last request: 127.369750 seconds.
  path: Assets/素材/反射球.prefab
  artifactKey: Guid(206b2d7b242a10b4abf42f9c5508f83f) Importer(815301076,1909f56bfc062723c751e8b465ee728b)
Start importing Assets/素材/反射球.prefab using Guid(206b2d7b242a10b4abf42f9c5508f83f) Importer(815301076,1909f56bfc062723c751e8b465ee728b)  -> (artifact id: '78d07c169f3b1943b6c1eb42c3df21b5') in 0.106620 seconds 
  Import took 0.109276 seconds .

========================================================================
Received Import Request.
  Time since last request: 854.433977 seconds.
  path: Assets/Azerilo/HQ Racing Car Model No.1203/Prefabs/car 1203 green.prefab
  artifactKey: Guid(e0bdb7ccbea6bdc4195d5f0ca4f5a092) Importer(815301076,1909f56bfc062723c751e8b465ee728b)
Start importing Assets/Azerilo/HQ Racing Car Model No.1203/Prefabs/car 1203 green.prefab using Guid(e0bdb7ccbea6bdc4195d5f0ca4f5a092) Importer(815301076,1909f56bfc062723c751e8b465ee728b)  -> (artifact id: '1e7687d6e5115943fb7b5761804d5478') in 0.244772 seconds 
  Import took 0.248378 seconds .

========================================================================
Received Import Request.
  Time since last request: 0.098476 seconds.
  path: Assets/Azerilo/HQ Racing Car Model No.1203/Prefabs/car 1203 white.prefab
  artifactKey: Guid(fb0b25f26d24e164ba70cdc1d4a7b35e) Importer(815301076,1909f56bfc062723c751e8b465ee728b)
Start importing Assets/Azerilo/HQ Racing Car Model No.1203/Prefabs/car 1203 white.prefab using Guid(fb0b25f26d24e164ba70cdc1d4a7b35e) Importer(815301076,1909f56bfc062723c751e8b465ee728b)  -> (artifact id: 'af257876b5308fcaf6a95fdeea00633f') in 0.067077 seconds 
  Import took 0.071695 seconds .

========================================================================
Received Import Request.
  Time since last request: 6.469291 seconds.
  path: Assets/Azerilo/HQ Racing Car Model No.1203/Prefabs/car 1203 yellow.prefab
  artifactKey: Guid(3876e5469a8e4774c8e455e83060541e) Importer(815301076,1909f56bfc062723c751e8b465ee728b)
Start importing Assets/Azerilo/HQ Racing Car Model No.1203/Prefabs/car 1203 yellow.prefab using Guid(3876e5469a8e4774c8e455e83060541e) Importer(815301076,1909f56bfc062723c751e8b465ee728b)  -> (artifact id: '7c59a55d5828e230162ff231606fcd11') in 0.060219 seconds 
  Import took 0.063986 seconds .

========================================================================
Received Import Request.
  Time since last request: 1.471421 seconds.
  path: Assets/Azerilo/HQ Racing Car Model No.1203/Prefabs/car 1203 blue.prefab
  artifactKey: Guid(5d2d294a55c8dad4f863791b2ec6aa9e) Importer(815301076,1909f56bfc062723c751e8b465ee728b)
Start importing Assets/Azerilo/HQ Racing Car Model No.1203/Prefabs/car 1203 blue.prefab using Guid(5d2d294a55c8dad4f863791b2ec6aa9e) Importer(815301076,1909f56bfc062723c751e8b465ee728b)  -> (artifact id: 'cc7ffd8bdd35e3f7607bda1868f0e812') in 0.057559 seconds 
  Import took 0.061746 seconds .

========================================================================
Received Prepare
Refreshing native plugins compatible for Editor in 10.71 ms, found 2 plugins.
Preloading 0 native plugins for Editor in 0.00 ms.
Unloading 12 Unused Serialized files (Serialized files now loaded: 0)
System memory in use before: 49.5 MB.
System memory in use after: 49.6 MB.

Unloading 11 unused Assets to reduce memory usage. Loaded Objects now: 2212.
Total: 6.919100 ms (FindLiveObjects: 0.286700 ms CreateObjectMapping: 0.038800 ms MarkObjects: 6.508500 ms  DeleteObjects: 0.080200 ms)

AssetImportParameters requested are different than current active one (requested -> active):
  custom:framework-win-MediaFoundation: 216162199b28c13a410421893ffa2e32 -> 
  custom:video-decoder-ogg-theora: a1e56fd34408186e4bbccfd4996cb3dc -> 
  custom:container-muxer-webm: aa71ff27fc2769a1b78a27578f13a17b -> 
  custom:container-demuxer-webm: 4f35f7cbe854078d1ac9338744f61a02 -> 
  custom:container-demuxer-ogg: 62fdf1f143b41e24485cea50d1cbac27 -> 
  custom:video-encoder-webm-vp8: eb34c28f22e8b96e1ab97ce403110664 -> 
  custom:video-decoder-webm-vp8: 9c59270c3fd7afecdb556c50c9e8de78 -> 
  custom:audio-decoder-ogg-vorbis: bf7c407c2cedff20999df2af8eb42d56 -> 
  custom:audio-encoder-webm-vorbis: bf7c407c2cedff20999df2af8eb42d56 -> 
========================================================================
Received Import Request.
  Time since last request: 491.861365 seconds.
  path: Assets/Azerilo/HQ Racing Car Model No.1203/Prefabs/wheel_front_right.prefab
  artifactKey: Guid(ca970b0687dbd6f46baed8c70137e880) Importer(815301076,1909f56bfc062723c751e8b465ee728b)
Start importing Assets/Azerilo/HQ Racing Car Model No.1203/Prefabs/wheel_front_right.prefab using Guid(ca970b0687dbd6f46baed8c70137e880) Importer(815301076,1909f56bfc062723c751e8b465ee728b)  -> (artifact id: 'ee1ba328ec7974a13e936a4f7c67e5a4') in 0.035565 seconds 
  Import took 0.039150 seconds .

========================================================================
Received Import Request.
  Time since last request: 1.237961 seconds.
  path: Assets/Azerilo/HQ Racing Car Model No.1203/Prefabs/wheel_back_right.prefab
  artifactKey: Guid(a340fbe2b647da2429920ebf9de43872) Importer(815301076,1909f56bfc062723c751e8b465ee728b)
Start importing Assets/Azerilo/HQ Racing Car Model No.1203/Prefabs/wheel_back_right.prefab using Guid(a340fbe2b647da2429920ebf9de43872) Importer(815301076,1909f56bfc062723c751e8b465ee728b)  -> (artifact id: 'f193d650e1bc9c81da5fb94a5ad207ec') in 0.029779 seconds 
  Import took 0.033208 seconds .

========================================================================
Received Import Request.
  Time since last request: 8.103661 seconds.
  path: Assets/Azerilo/HQ Racing Car Model No.1203
  artifactKey: Guid(8b7af5735736b0641b55a5c5cf023ce0) Importer(815301076,1909f56bfc062723c751e8b465ee728b)
Start importing Assets/Azerilo/HQ Racing Car Model No.1203 using Guid(8b7af5735736b0641b55a5c5cf023ce0) Importer(815301076,1909f56bfc062723c751e8b465ee728b)  -> (artifact id: 'e4765ef4838e807910dde22b6766a91a') in 0.008976 seconds 
  Import took 0.012154 seconds .

========================================================================
Received Import Request.
  Time since last request: 4.658287 seconds.
  path: Assets/Azerilo/Demo Assets
  artifactKey: Guid(5b0187b6926aa174e8988ac8c704521f) Importer(815301076,1909f56bfc062723c751e8b465ee728b)
Start importing Assets/Azerilo/Demo Assets using Guid(5b0187b6926aa174e8988ac8c704521f) Importer(815301076,1909f56bfc062723c751e8b465ee728b)  -> (artifact id: 'ae1ef5ff7bbb142a00c50711946447d6') in 0.009461 seconds 
  Import took 0.012494 seconds .

========================================================================
Received Prepare
Registering precompiled user dll's ...
Registered in 0.082892 seconds.
Begin MonoManager ReloadAssembly
Native extension for WindowsStandalone target not found
Native extension for WebGL target not found
Refreshing native plugins compatible for Editor in 56.00 ms, found 2 plugins.
Preloading 0 native plugins for Editor in 0.00 ms.
Mono: successfully reloaded assembly
- Completed reload, in  1.355 seconds
Domain Reload Profiling:
	ReloadAssembly (1355ms)
		BeginReloadAssembly (200ms)
			ExecutionOrderSort (0ms)
			DisableScriptedObjects (7ms)
			BackupInstance (0ms)
			ReleaseScriptingObjects (0ms)
			CreateAndSetChildDomain (80ms)
		EndReloadAssembly (1076ms)
			LoadAssemblies (133ms)
			RebuildTransferFunctionScriptingTraits (0ms)
			SetupTypeCache (325ms)
			ReleaseScriptCaches (1ms)
			RebuildScriptCaches (36ms)
			SetupLoadedEditorAssemblies (447ms)
				LogAssemblyErrors (0ms)
				InitializePlatformSupportModulesInManaged (6ms)
				SetLoadedEditorAssemblies (0ms)
				RefreshPlugins (56ms)
				BeforeProcessingInitializeOnLoad (101ms)
				ProcessInitializeOnLoadAttributes (265ms)
				ProcessInitializeOnLoadMethodAttributes (3ms)
				AfterProcessingInitializeOnLoad (16ms)
				EditorAssembliesLoaded (0ms)
			ExecutionOrderSort2 (0ms)
			AwakeInstancesAfterBackupRestoration (8ms)
Platform modules already initialized, skipping
Switching build target platform(19) subTarget(0) extendedPlatform(0) -> platform(13) subTarget(524288) extendedPlatform(0)
Shader 'Universal Render Pipeline/Nature/SpeedTree7': dependency 'BillboardShader' shader 'Universal Render Pipeline/Nature/SpeedTree7 Billboard' not found
Shader 'Universal Render Pipeline/Baked Lit': fallback shader 'Universal Render Pipeline/Unlit' not found
Shader 'Universal Render Pipeline/Simple Lit': fallback shader 'Hidden/Universal Render Pipeline/FallbackError' not found
Shader 'Universal Render Pipeline/Terrain/Lit': fallback shader 'Hidden/Universal Render Pipeline/FallbackError' not found
Shader 'Universal Render Pipeline/Terrain/Lit': dependency 'AddPassShader' shader 'Hidden/Universal Render Pipeline/Terrain/Lit (Add Pass)' not found
Shader 'Universal Render Pipeline/Terrain/Lit': dependency 'BaseMapShader' shader 'Hidden/Universal Render Pipeline/Terrain/Lit (Base Pass)' not found
Shader 'Universal Render Pipeline/Terrain/Lit': dependency 'BaseMapGenShader' shader 'Hidden/Universal Render Pipeline/Terrain/Lit (Basemap Gen)' not found
Shader 'Hidden/Universal Render Pipeline/Terrain/Lit (Add Pass)': fallback shader 'Hidden/Universal Render Pipeline/FallbackError' not found
Shader 'Hidden/Universal Render Pipeline/Terrain/Lit (Base Pass)': fallback shader 'Hidden/Universal Render Pipeline/FallbackError' not found
Shader 'Universal Render Pipeline/Particles/Lit': fallback shader 'Universal Render Pipeline/Particles/SimpleLit' not found
Shader 'Universal Render Pipeline/Particles/Lit': fallback shader 'Universal Render Pipeline/Particles/SimpleLit' not found
Refreshing native plugins compatible for Editor in 0.65 ms, found 2 plugins.
Preloading 0 native plugins for Editor in 0.00 ms.
Unloading 3004 Unused Serialized files (Serialized files now loaded: 0)
System memory in use before: 136.4 MB.
System memory in use after: 132.2 MB.

Unloading 71 unused Assets to reduce memory usage. Loaded Objects now: 3413.
Total: 5.362800 ms (FindLiveObjects: 0.319400 ms CreateObjectMapping: 0.080100 ms MarkObjects: 3.198600 ms  DeleteObjects: 1.761900 ms)

AssetImportParameters requested are different than current active one (requested -> active):
  custom:framework-win-MediaFoundation: 216162199b28c13a410421893ffa2e32 -> 
  custom:video-decoder-ogg-theora: a1e56fd34408186e4bbccfd4996cb3dc -> 
  custom:container-muxer-webm: aa71ff27fc2769a1b78a27578f13a17b -> 
  custom:container-demuxer-webm: 4f35f7cbe854078d1ac9338744f61a02 -> 
  custom:container-demuxer-ogg: 62fdf1f143b41e24485cea50d1cbac27 -> 
  custom:video-encoder-webm-vp8: eb34c28f22e8b96e1ab97ce403110664 -> 
  custom:video-decoder-webm-vp8: 9c59270c3fd7afecdb556c50c9e8de78 -> 
  custom:graphics/normal-map-encoding: 01000000000000000000000000000000 -> 02000000000000000000000000000000
  custom:audio-decoder-ogg-vorbis: bf7c407c2cedff20999df2af8eb42d56 -> 
  custom:audio-encoder-webm-vorbis: bf7c407c2cedff20999df2af8eb42d56 -> 
========================================================================
Received Import Request.
  Time since last request: 590.342724 seconds.
  path: Assets/素材/UniversalRenderPipelineAsset.asset
  artifactKey: Guid(0f800f575ad7f0e44a8c5f04f630f156) Importer(815301076,1909f56bfc062723c751e8b465ee728b)
Start importing Assets/素材/UniversalRenderPipelineAsset.asset using Guid(0f800f575ad7f0e44a8c5f04f630f156) Importer(815301076,1909f56bfc062723c751e8b465ee728b)  -> (artifact id: '7d401a5edfcbcc22a1114fc6731a3195') in 0.080075 seconds 
  Import took 0.086148 seconds .

========================================================================
Received Import Request.
  Time since last request: 0.405643 seconds.
  path: Assets/素材/UniversalRenderPipelineAsset_Renderer.asset
  artifactKey: Guid(4c3f820aa9cf5ef4f9ba9a096d09044c) Importer(815301076,1909f56bfc062723c751e8b465ee728b)
Start importing Assets/素材/UniversalRenderPipelineAsset_Renderer.asset using Guid(4c3f820aa9cf5ef4f9ba9a096d09044c) Importer(815301076,1909f56bfc062723c751e8b465ee728b)  -> (artifact id: 'bfef183bbdfc59fe6c2a0695137eb4cb') in 0.053768 seconds 
  Import took 0.059731 seconds .

========================================================================
Received Import Request.
  Time since last request: 216.435059 seconds.
  path: Assets/Best Sports CARS - Pro 3D Models/Vehicle
  artifactKey: Guid(49c301f91ac235941bcf8cb6cedd0e4e) Importer(815301076,1909f56bfc062723c751e8b465ee728b)
Start importing Assets/Best Sports CARS - Pro 3D Models/Vehicle using Guid(49c301f91ac235941bcf8cb6cedd0e4e) Importer(815301076,1909f56bfc062723c751e8b465ee728b)  -> (artifact id: 'e87f73f18dc061f4eb8f6e5fa3a15ab1') in 0.008965 seconds 
  Import took 0.014908 seconds .

========================================================================
Received Import Request.
  Time since last request: 1.586976 seconds.
  path: Assets/Best Sports CARS - Pro 3D Models/Vehicle/SportCar20
  artifactKey: Guid(6a161c009da5ead48969849daa9e0808) Importer(815301076,1909f56bfc062723c751e8b465ee728b)
Start importing Assets/Best Sports CARS - Pro 3D Models/Vehicle/SportCar20 using Guid(6a161c009da5ead48969849daa9e0808) Importer(815301076,1909f56bfc062723c751e8b465ee728b)  -> (artifact id: 'dd0d70860f24c518a29a7271dd8a167b') in 0.008435 seconds 
  Import took 0.013181 seconds .

========================================================================
Received Import Request.
  Time since last request: 3.677109 seconds.
  path: Assets/Best Sports CARS - Pro 3D Models/Vehicle/SportCar20/Prefabs
  artifactKey: Guid(04f7b7810ee8fd247bf5547d5f388e94) Importer(815301076,1909f56bfc062723c751e8b465ee728b)
Start importing Assets/Best Sports CARS - Pro 3D Models/Vehicle/SportCar20/Prefabs using Guid(04f7b7810ee8fd247bf5547d5f388e94) Importer(815301076,1909f56bfc062723c751e8b465ee728b)  -> (artifact id: 'f7e809866ad4d120efffbaad2dce2a86') in 0.007701 seconds 
  Import took 0.012235 seconds .

========================================================================
Received Import Request.
  Time since last request: 4.132089 seconds.
  path: Assets/Best Sports CARS - Pro 3D Models/Vehicle/SportCar20/Prefabs/SportCar20_Static_USA.prefab
  artifactKey: Guid(37ec82ab8eba1384baadcaa1d88b7f72) Importer(815301076,1909f56bfc062723c751e8b465ee728b)
Start importing Assets/Best Sports CARS - Pro 3D Models/Vehicle/SportCar20/Prefabs/SportCar20_Static_USA.prefab using Guid(37ec82ab8eba1384baadcaa1d88b7f72) Importer(815301076,1909f56bfc062723c751e8b465ee728b)  -> (artifact id: '2efddcc6191485d23107b5dce0960092') in 1.580796 seconds 
  Import took 1.588103 seconds .

========================================================================
Received Import Request.
  Time since last request: 0.000200 seconds.
  path: Assets/Best Sports CARS - Pro 3D Models/Vehicle/SportCar20/Prefabs/SportCar20_Driver_USA.prefab
  artifactKey: Guid(c3c0d86c0e789a244b1295717c5bc208) Importer(815301076,1909f56bfc062723c751e8b465ee728b)
Start importing Assets/Best Sports CARS - Pro 3D Models/Vehicle/SportCar20/Prefabs/SportCar20_Driver_USA.prefab using Guid(c3c0d86c0e789a244b1295717c5bc208) Importer(815301076,1909f56bfc062723c751e8b465ee728b)  -> (artifact id: '39da72e8e83074b1cef6b8421c05f407') in 0.702218 seconds 
  Import took 0.709627 seconds .

========================================================================
Received Import Request.
  Time since last request: 0.859862 seconds.
  path: Assets/Best Sports CARS - Pro 3D Models/Vehicle/SportCar20/Prefabs/SportCar20_Static_EU.prefab
  artifactKey: Guid(5bb1f14131476c74a95504263bf0558f) Importer(815301076,1909f56bfc062723c751e8b465ee728b)
Start importing Assets/Best Sports CARS - Pro 3D Models/Vehicle/SportCar20/Prefabs/SportCar20_Static_EU.prefab using Guid(5bb1f14131476c74a95504263bf0558f) Importer(815301076,1909f56bfc062723c751e8b465ee728b)  -> (artifact id: 'e4c4260a981e36201e8c2bd77bc50ffa') in 0.580939 seconds 
  Import took 0.588233 seconds .

========================================================================
Received Import Request.
  Time since last request: 0.529437 seconds.
  path: Assets/Best Sports CARS - Pro 3D Models/Vehicle/SportCar20/Prefabs/SportCar20_Driver_EU.prefab
  artifactKey: Guid(6f39632663e189a43ba1dba6a3232eea) Importer(815301076,1909f56bfc062723c751e8b465ee728b)
Start importing Assets/Best Sports CARS - Pro 3D Models/Vehicle/SportCar20/Prefabs/SportCar20_Driver_EU.prefab using Guid(6f39632663e189a43ba1dba6a3232eea) Importer(815301076,1909f56bfc062723c751e8b465ee728b)  -> (artifact id: '5ae39a4fb3c4c4829bc1c60c05e30ced') in 0.655496 seconds 
  Import took 0.663123 seconds .

========================================================================
Received Prepare
Switching render pipeline 00000000000000000000000000000000 -> 0f800f575ad7f0e44a8c5f04f630f156
Shader 'Universal Render Pipeline/Particles/Lit': fallback shader 'Universal Render Pipeline/Particles/SimpleLit' not found
Shader 'Universal Render Pipeline/Particles/Lit': fallback shader 'Universal Render Pipeline/Particles/SimpleLit' not found
Refreshing native plugins compatible for Editor in 6.82 ms, found 2 plugins.
Preloading 0 native plugins for Editor in 0.00 ms.
Unloading 116 Unused Serialized files (Serialized files now loaded: 0)
System memory in use before: 96.3 MB.
System memory in use after: 93.2 MB.

Unloading 49 unused Assets to reduce memory usage. Loaded Objects now: 3483.
Total: 5.645100 ms (FindLiveObjects: 0.377500 ms CreateObjectMapping: 0.111300 ms MarkObjects: 3.761000 ms  DeleteObjects: 1.393700 ms)

AssetImportParameters requested are different than current active one (requested -> active):
  custom:framework-win-MediaFoundation: 216162199b28c13a410421893ffa2e32 -> 
  custom:video-decoder-ogg-theora: a1e56fd34408186e4bbccfd4996cb3dc -> 
  custom:container-muxer-webm: aa71ff27fc2769a1b78a27578f13a17b -> 
  custom:container-demuxer-webm: 4f35f7cbe854078d1ac9338744f61a02 -> 
  custom:container-demuxer-ogg: 62fdf1f143b41e24485cea50d1cbac27 -> 
  custom:video-encoder-webm-vp8: eb34c28f22e8b96e1ab97ce403110664 -> 
  custom:video-decoder-webm-vp8: 9c59270c3fd7afecdb556c50c9e8de78 -> 
  custom:audio-decoder-ogg-vorbis: bf7c407c2cedff20999df2af8eb42d56 -> 
  custom:audio-encoder-webm-vorbis: bf7c407c2cedff20999df2af8eb42d56 -> 
AssetImportWorkerClient::OnTransportError - code=2 error=End of file
